Build started 2015-02-28 12:39:09 AM.
     1>Project "C:\MAMP\htdocs\ROOT\Dropbox\school\Concordia\Winter 2015\Computer Graphics\Project\GraphicsAhoy\371ProjectTeam4\VS2012\Assignment1.vcxproj" on node 2 (Build target(s)).
     1>ClCompile:
         C:\Program Files (x86)\Microsoft Visual Studio 11.0\VC\bin\CL.exe /c /I"../ThirdParty/glew-1.10.0/include" /I"../ThirdParty/glfw-3.0.4/include" /I../ThirdParty/glm /ZI /nologo /W3 /WX- /Od /Oy- /D WIN32 /D _DEBUG /D _CONSOLE /D _UNICODE /D UNICODE /Gm /EHsc /RTC1 /MDd /GS /fp:precise /Zc:wchar_t /Zc:forScope /Fo"C:\MAMP\htdocs\ROOT\Dropbox\school\Concordia\Winter 2015\Computer Graphics\Project\GraphicsAhoy\371ProjectTeam4\VS2012\/../Build/Debug/" /Fd"C:\MAMP\htdocs\ROOT\Dropbox\school\Concordia\Winter 2015\Computer Graphics\Project\GraphicsAhoy\371ProjectTeam4\VS2012\/../Build/Debug/vc110.pdb" /Gd /TP /analyze- /errorReport:prompt ..\Source\LayerModel.cpp ..\Source\World.cpp
         LayerModel.cpp
     1>c:\mamp\htdocs\root\dropbox\school\concordia\winter 2015\computer graphics\project\graphicsahoy\371projectteam4\source\layermodel.cpp(107): error C2065: 'vector' : undeclared identifier
     1>c:\mamp\htdocs\root\dropbox\school\concordia\winter 2015\computer graphics\project\graphicsahoy\371projectteam4\source\layermodel.cpp(107): error C2059: syntax error : '>'
     1>c:\mamp\htdocs\root\dropbox\school\concordia\winter 2015\computer graphics\project\graphicsahoy\371projectteam4\source\layermodel.cpp(107): error C2039: 'iterator' : is not a member of '`global namespace''
     1>c:\mamp\htdocs\root\dropbox\school\concordia\winter 2015\computer graphics\project\graphicsahoy\371projectteam4\source\layermodel.cpp(107): error C2065: 'it' : undeclared identifier
     1>c:\mamp\htdocs\root\dropbox\school\concordia\winter 2015\computer graphics\project\graphicsahoy\371projectteam4\source\layermodel.cpp(107): error C2143: syntax error : missing ';' before ')'
         Generating Code...
         Compiling...
         World.cpp
         Generating Code...
     1>Done Building Project "C:\MAMP\htdocs\ROOT\Dropbox\school\Concordia\Winter 2015\Computer Graphics\Project\GraphicsAhoy\371ProjectTeam4\VS2012\Assignment1.vcxproj" (Build target(s)) -- FAILED.

Build FAILED.

Time Elapsed 00:00:02.45
